mode: set
github.com/jmlero/operator-kafka/controllers/kafkatopic_controller.go:57.102,67.16 4 0
github.com/jmlero/operator-kafka/controllers/kafkatopic_controller.go:82.2,85.54 2 0
github.com/jmlero/operator-kafka/controllers/kafkatopic_controller.go:121.2,121.27 1 0
github.com/jmlero/operator-kafka/controllers/kafkatopic_controller.go:67.16,68.29 1 0
github.com/jmlero/operator-kafka/controllers/kafkatopic_controller.go:76.3,77.28 2 0
github.com/jmlero/operator-kafka/controllers/kafkatopic_controller.go:68.29,74.4 2 0
github.com/jmlero/operator-kafka/controllers/kafkatopic_controller.go:85.54,89.69 1 0
github.com/jmlero/operator-kafka/controllers/kafkatopic_controller.go:96.3,97.61 2 0
github.com/jmlero/operator-kafka/controllers/kafkatopic_controller.go:89.69,91.52 2 0
github.com/jmlero/operator-kafka/controllers/kafkatopic_controller.go:91.52,93.5 1 0
github.com/jmlero/operator-kafka/controllers/kafkatopic_controller.go:97.61,99.4 1 0
github.com/jmlero/operator-kafka/controllers/kafkatopic_controller.go:101.8,103.68 1 0
github.com/jmlero/operator-kafka/controllers/kafkatopic_controller.go:118.3,118.28 1 0
github.com/jmlero/operator-kafka/controllers/kafkatopic_controller.go:103.68,105.64 1 0
github.com/jmlero/operator-kafka/controllers/kafkatopic_controller.go:111.4,112.52 2 0
github.com/jmlero/operator-kafka/controllers/kafkatopic_controller.go:105.64,109.5 1 0
github.com/jmlero/operator-kafka/controllers/kafkatopic_controller.go:112.52,114.5 1 0
github.com/jmlero/operator-kafka/controllers/kafkatopic_controller.go:124.62,132.16 6 0
github.com/jmlero/operator-kafka/controllers/kafkatopic_controller.go:135.2,146.16 4 0
github.com/jmlero/operator-kafka/controllers/kafkatopic_controller.go:150.2,150.12 1 0
github.com/jmlero/operator-kafka/controllers/kafkatopic_controller.go:132.16,133.21 1 0
github.com/jmlero/operator-kafka/controllers/kafkatopic_controller.go:146.16,147.21 1 0
github.com/jmlero/operator-kafka/controllers/kafkatopic_controller.go:153.100,164.16 7 0
github.com/jmlero/operator-kafka/controllers/kafkatopic_controller.go:168.2,168.12 1 0
github.com/jmlero/operator-kafka/controllers/kafkatopic_controller.go:164.16,165.21 1 0
github.com/jmlero/operator-kafka/controllers/kafkatopic_controller.go:171.114,175.2 3 0
github.com/jmlero/operator-kafka/controllers/kafkatopic_controller.go:178.73,182.2 1 0
